<?xml version="1.0" encoding="UTF-8"?>
<testsuite xmlns:xsi="http://www.w3.org/2001/XMLSchema-instance" xsi:noNamespaceSchemaLocation="https://maven.apache.org/surefire/maven-surefire-plugin/xsd/surefire-test-report.xsd" version="3.0.2" name="com.PracticaPropuesta1.controller.PalindromeControllerTest" time="16.231" tests="2" errors="0" skipped="0" failures="0">
  <properties>
[...]
</properties>
  <testcase name="hola_no_es_palindromo" classname="com.PracticaPropuesta1.controller.PalindromeControllerTest" time="4.309">
    <system-out><![CDATA[12:30:12.182 [main] INFO org.springframework.test.context.support.AnnotationConfigContextLoaderUtils -- Could not detect default configuration classes for test class [com.PracticaPropuesta1.controller.PalindromeControllerTest]: PalindromeControllerTest does not declare any static, non-private, non-final, nested classes annotated with @Configuration.
12:30:12.695 [main] INFO org.springframework.boot.test.context.SpringBootTestContextBootstrapper -- Found @SpringBootConfiguration com.PracticaPropuesta1.PracticaPropuesta1Application for test class com.PracticaPropuesta1.controller.PalindromeControllerTest

  .   ____          _            __ _ _
 /\\ / ___'_ __ _ _(_)_ __  __ _ \ \ \ \
( ( )\___ | '_ | '_| | '_ \/ _` | \ \ \ \
 \\/  ___)| |_)| | | | | || (_| |  ) ) ) )
  '  |____| .__|_| |_|_| |_\__, | / / / /
 =========|_|==============|___/=/_/_/_/

 :: Spring Boot ::                (v3.5.5)

2025-09-17T12:30:17.094+02:00  INFO 52632 --- [Practica Propuesta 1] [           main] c.P.controller.PalindromeControllerTest  : Starting PalindromeControllerTest using Java 21.0.7 with PID 52632 (started by ajess in C:\Users\ajess\Desktop\AnaJotta\cursoSpringBoot\PracticaPropuesta1\PracticaPropuesta1)
2025-09-17T12:30:17.101+02:00  INFO 52632 --- [Practica Propuesta 1] [           main] c.P.controller.PalindromeControllerTest  : No active profile set, falling back to 1 default profile: "default"
2025-09-17T12:30:21.135+02:00  INFO 52632 --- [Practica Propuesta 1] [           main] o.s.b.w.embedded.tomcat.TomcatWebServer  : Tomcat initialized with port 0 (http)
2025-09-17T12:30:21.193+02:00  INFO 52632 --- [Practica Propuesta 1] [           main] o.apache.catalina.core.StandardService   : Starting service [Tomcat]
2025-09-17T12:30:21.194+02:00  INFO 52632 --- [Practica Propuesta 1] [           main] o.apache.catalina.core.StandardEngine    : Starting Servlet engine: [Apache Tomcat/10.1.44]
2025-09-17T12:30:21.381+02:00  INFO 52632 --- [Practica Propuesta 1] [           main] o.a.c.c.C.[Tomcat].[localhost].[/]       : Initializing Spring embedded WebApplicationContext
2025-09-17T12:30:21.383+02:00  INFO 52632 --- [Practica Propuesta 1] [           main] w.s.c.ServletWebServerApplicationContext : Root WebApplicationContext: initialization completed in 4126 ms
2025-09-17T12:30:23.319+02:00  INFO 52632 --- [Practica Propuesta 1] [           main] o.s.b.w.embedded.tomcat.TomcatWebServer  : Tomcat started on port 49474 (http) with context path '/'
2025-09-17T12:30:23.343+02:00  INFO 52632 --- [Practica Propuesta 1] [           main] c.P.controller.PalindromeControllerTest  : Started PalindromeControllerTest in 9.663 seconds (process running for 14.214)
2025-09-17T12:30:27.035+02:00  INFO 52632 --- [Practica Propuesta 1] [o-auto-1-exec-1] o.a.c.c.C.[Tomcat].[localhost].[/]       : Initializing Spring DispatcherServlet 'dispatcherServlet'
2025-09-17T12:30:27.035+02:00  INFO 52632 --- [Practica Propuesta 1] [o-auto-1-exec-1] o.s.web.servlet.DispatcherServlet        : Initializing Servlet 'dispatcherServlet'
2025-09-17T12:30:27.038+02:00  INFO 52632 --- [Practica Propuesta 1] [o-auto-1-exec-1] o.s.web.servlet.DispatcherServlet        : Completed initialization in 2 ms
]]></system-out>
    <system-err><![CDATA[Mockito is currently self-attaching to enable the inline-mock-maker. This will no longer work in future releases of the JDK. Please add Mockito as an agent to your build as described in Mockito's documentation: https://javadoc.io/doc/org.mockito/mockito-core/latest/org.mockito/org/mockito/Mockito.html#0.3
WARNING: A Java agent has been loaded dynamically (C:\Users\ajess\.m2\repository\net\bytebuddy\byte-buddy-agent\1.17.7\byte-buddy-agent-1.17.7.jar)
WARNING: If a serviceability tool is in use, please run with -XX:+EnableDynamicAgentLoading to hide this warning
WARNING: If a serviceability tool is not in use, please run with -Djdk.instrument.traceUsage for more information
WARNING: Dynamic loading of agents will be disallowed by default in a future release
]]></system-err>
  </testcase>
  <testcase name="ana_debe_ser_palindromo" classname="com.PracticaPropuesta1.controller.PalindromeControllerTest" time="0.037"/>
</testsuite>